<?xml version="1.0" encoding="UTF-8"?>
<!-- Generated by org.testng.reporters.JUnitReportReporter -->
<testsuite hostname="TYSS-Dhanush" failures="0" tests="1" name="tTest.t2Test" time="16.917" errors="0" timestamp="2023-04-11T13:44:53 IST" skipped="0">
  <testcase classname="tTest.t2Test" name="test1" time="16.917"/>
  <system-out/>
</testsuite> <!-- tTest.t2Test -->
