<?xml version="1.0" encoding="UTF-8"?>
<!-- Generated by org.testng.reporters.JUnitReportReporter -->
<testsuite hostname="TYSS-Dhanush" failures="0" tests="1" name="tTest.script1Test" time="20.830" errors="0" timestamp="2023-04-10T16:08:36 IST" skipped="0">
  <testcase classname="tTest.script1Test" name="test1" time="20.830"/>
  <system-out/>
</testsuite> <!-- tTest.script1Test -->
