<?xml version="1.0" encoding="UTF-8"?>
<!-- Generated by org.testng.reporters.JUnitReportReporter -->
<testsuite hostname="TYSS-Dhanush" failures="0" tests="1" name="tTest.t2Test" time="22.730" errors="0" timestamp="2023-04-10T16:08:36 IST" skipped="0">
  <testcase classname="tTest.t2Test" name="test1" time="22.730"/>
  <system-out/>
</testsuite> <!-- tTest.t2Test -->
