<?xml version="1.0" encoding="UTF-8"?>
<!-- Generated by org.testng.reporters.JUnitReportReporter -->
<testsuite hostname="TYSS-Dhanush" failures="0" tests="1" name="jpack.s1test" time="25.412" errors="0" timestamp="2023-04-10T16:49:57 IST" skipped="0">
  <testcase classname="jpack.s1test" name="test1" time="25.412"/>
  <system-out/>
</testsuite> <!-- jpack.s1test -->
